Performing C SOURCE FILE Test CMAKE_HAVE_LIBC_PTHREAD failed with the following output:
Change Dir: /home/lzw/arm_catch/build/CMakeFiles/CMakeTmp

Run Build Command(s):/usr/bin/make -f Makefile cmTC_a3a0f/fast && /usr/bin/make  -f CMakeFiles/cmTC_a3a0f.dir/build.make CMakeFiles/cmTC_a3a0f.dir/build
make[1]: Entering directory '/home/lzw/arm_catch/build/CMakeFiles/CMakeTmp'
Building C object CMakeFiles/cmTC_a3a0f.dir/src.c.o
/usr/bin/cc -DCMAKE_HAVE_LIBC_PTHREAD   -o CMakeFiles/cmTC_a3a0f.dir/src.c.o -c /home/lzw/arm_catch/build/CMakeFiles/CMakeTmp/src.c
Linking C executable cmTC_a3a0f
/usr/local/bin/cmake -E cmake_link_script CMakeFiles/cmTC_a3a0f.dir/link.txt --verbose=1
/usr/bin/cc -rdynamic CMakeFiles/cmTC_a3a0f.dir/src.c.o -o cmTC_a3a0f 
CMakeFiles/cmTC_a3a0f.dir/src.c.o：在函数‘main’中：
src.c:(.text+0x3c)：对‘pthread_create’未定义的引用
src.c:(.text+0x48)：对‘pthread_detach’未定义的引用
src.c:(.text+0x54)：对‘pthread_cancel’未定义的引用
src.c:(.text+0x65)：对‘pthread_join’未定义的引用
src.c:(.text+0x79)：对‘pthread_atfork’未定义的引用
collect2: error: ld returned 1 exit status
CMakeFiles/cmTC_a3a0f.dir/build.make:98: recipe for target 'cmTC_a3a0f' failed
make[1]: *** [cmTC_a3a0f] Error 1
make[1]: Leaving directory '/home/lzw/arm_catch/build/CMakeFiles/CMakeTmp'
Makefile:127: recipe for target 'cmTC_a3a0f/fast' failed
make: *** [cmTC_a3a0f/fast] Error 2


Source file was:
#include <pthread.h>

static void* test_func(void* data)
{
  return data;
}

int main(void)
{
  pthread_t thread;
  pthread_create(&thread, NULL, test_func, NULL);
  pthread_detach(thread);
  pthread_cancel(thread);
  pthread_join(thread, NULL);
  pthread_atfork(NULL, NULL, NULL);
  pthread_exit(NULL);

  return 0;
}

Determining if the function pthread_create exists in the pthreads failed with the following output:
Change Dir: /home/lzw/arm_catch/build/CMakeFiles/CMakeTmp

Run Build Command(s):/usr/bin/make -f Makefile cmTC_d6aa0/fast && /usr/bin/make  -f CMakeFiles/cmTC_d6aa0.dir/build.make CMakeFiles/cmTC_d6aa0.dir/build
make[1]: Entering directory '/home/lzw/arm_catch/build/CMakeFiles/CMakeTmp'
Building C object CMakeFiles/cmTC_d6aa0.dir/CheckFunctionExists.c.o
/usr/bin/cc   -DCHECK_FUNCTION_EXISTS=pthread_create -o CMakeFiles/cmTC_d6aa0.dir/CheckFunctionExists.c.o -c /usr/local/share/cmake-3.22/Modules/CheckFunctionExists.c
Linking C executable cmTC_d6aa0
/usr/local/bin/cmake -E cmake_link_script CMakeFiles/cmTC_d6aa0.dir/link.txt --verbose=1
/usr/bin/cc  -DCHECK_FUNCTION_EXISTS=pthread_create -rdynamic CMakeFiles/cmTC_d6aa0.dir/CheckFunctionExists.c.o -o cmTC_d6aa0  -lpthreads 
/usr/bin/ld: 找不到 -lpthreads
collect2: error: ld returned 1 exit status
CMakeFiles/cmTC_d6aa0.dir/build.make:98: recipe for target 'cmTC_d6aa0' failed
make[1]: *** [cmTC_d6aa0] Error 1
make[1]: Leaving directory '/home/lzw/arm_catch/build/CMakeFiles/CMakeTmp'
Makefile:127: recipe for target 'cmTC_d6aa0/fast' failed
make: *** [cmTC_d6aa0/fast] Error 2



